  <!--  <body>    <table>      <tr><center><b>Custom TestNG Report 2018/09/27 11:49:16</b></center></tr>      <thead>        <tr>          <th>Test Name</th>          <th># Total Method</th>          <th># Passed</th>          <th># Skipped</th>          <th># Failed</th>          <th>Browser</th>          <th>Start Time</th>          <th>End Time</th>          <th>Execute Time (mm:hh:ss:ms)</th>      </tr>       </thead>        <tr><td colspan=11><center><b>Default suite</b></center></td></tr><tr><td>Default test</td><td>10</td><td bgcolor=green>9</td><td bgcolor=red>1</td><td>Chrome</td><td>2018/09/27 11:46:44</td><td>2018/09/27 11:49:16</td><td>0:2:32</td></tr>    </table>    <table id="summary">      <thead>        <tr>          <th>Class</th>          <th>Method</th>          <th>Start Time</th>          <th>Execution Time (mm:hh:ss:ms)</th>          <th>Parameter</th>          <th>Reporter Message</th>          <th>Exception Message</th>        </tr>      </thead>       <tr><td colspan=7><center><b>Default suite</b></center></td></tr><tr bgcolor=#FE7254><td colspan=7><center><b>Default test - Failed </b></center></td></tr><tr bgcolor=#FE7254><td>selenium3.NewTest3</td><td>oemAdminCheckingAllModules</td><td>2018/09/27 11:49:12</td><td>0:0:4</td><td></td><td></td><td>org.openqa.selenium.WebDriverException: unknown error: Element <a class="pointer ng-scope" translate="salus.navbar.deviceManagemet" tabindex="0" customhref="deviceManagement" ng-hide="userStatus === 0">...</a> is not clickable at point (502, 20). Other element would receive the click: <div loading-spinner-directive="" spinner-text="" ng-class="{'overlay-container': loadingSpinner.showOverlay}" overlay-class="loadingSpinner.showOverlay" ng-show="loadingSpinner.isVisible" class="ng-isolate-scope overlay-container">...</div>
  (Session info: chrome=69.0.3497.81)
  (Driver info: chromedriver=2.41.578700 (2f1ed5f9343c13f73144538f15c00b370eda6706),platform=Linux 4.4.0-134-generic x86_64) (WARNING: The server did not provide any stacktrace information)
Command duration or timeout: 57 milliseconds
Build info: version: '2.53.1', revision: 'a36b8b1cd5757287168e54b817830adce9b0158d', time: '2016-06-30 19:26:09'
System info: host: 'TCD64', ip: '127.0.1.1', os.name: 'Linux', os.arch: 'amd64', os.version: '4.4.0-134-generic', java.version: '1.8.0_181'
Driver info: org.openqa.selenium.chrome.ChromeDriver
Capabilities [{mobileEmulationEnabled=false, hasTouchScreen=false, platform=LINUX, acceptSslCerts=false, goog:chromeOptions={debuggerAddress=localhost:41063}, acceptInsecureCerts=false, webStorageEnabled=true, browserName=chrome, takesScreenshot=true, javascriptEnabled=true, setWindowRect=true, unexpectedAlertBehaviour=, applicationCacheEnabled=false, rotatable=false, networkConnectionEnabled=false, chrome={chromedriverVersion=2.41.578700 (2f1ed5f9343c13f73144538f15c00b370eda6706), userDataDir=/tmp/.org.chromium.Chromium.0opJEi}, takesHeapSnapshot=true, pageLoadStrategy=normal, databaseEnabled=false, handlesAlerts=true, version=69.0.3497.81, browserConnectionEnabled=false, nativeEvents=true, locationContextEnabled=true, cssSelectorsEnabled=true}]
Session ID: 7fe406e00ff338e2dd9af0f950c29d13
	at sun.reflect.NativeConstructorAccessorImpl.newInstance0(Native Method)
	at sun.reflect.NativeConstructorAccessorImpl.newInstance(NativeConstructorAccessorImpl.java:62)
	at sun.reflect.DelegatingConstructorAccessorImpl.newInstance(DelegatingConstructorAccessorImpl.java:45)
	at java.lang.reflect.Constructor.newInstance(Constructor.java:423)
	at org.openqa.selenium.remote.ErrorHandler.createThrowable(ErrorHandler.java:206)
	at org.openqa.selenium.remote.ErrorHandler.throwIfResponseFailed(ErrorHandler.java:158)
	at org.openqa.selenium.remote.RemoteWebDriver.execute(RemoteWebDriver.java:678)
	at org.openqa.selenium.remote.RemoteWebElement.execute(RemoteWebElement.java:327)
	at org.openqa.selenium.remote.RemoteWebElement.click(RemoteWebElement.java:85)
	at selenium3.NewTest3.oemAdminCheckingAllModules(NewTest3.java:117)
	at sun.reflect.NativeMethodAccessorImpl.invoke0(Native Method)
	at sun.reflect.NativeMethodAccessorImpl.invoke(NativeMethodAccessorImpl.java:62)
	at sun.reflect.DelegatingMethodAccessorImpl.invoke(DelegatingMethodAccessorImpl.java:43)
	at java.lang.reflect.Method.invoke(Method.java:498)
	at org.testng.internal.MethodInvocationHelper.invokeMethod(MethodInvocationHelper.java:80)
	at org.testng.internal.Invoker.invokeMethod(Invoker.java:714)
	at org.testng.internal.Invoker.invokeTestMethod(Invoker.java:901)
	at org.testng.internal.Invoker.invokeTestMethods(Invoker.java:1231)
	at org.testng.internal.TestMethodWorker.invokeTestMethods(TestMethodWorker.java:127)
	at org.testng.internal.TestMethodWorker.run(TestMethodWorker.java:111)
	at org.testng.TestRunner.privateRun(TestRunner.java:767)
	at org.testng.TestRunner.run(TestRunner.java:617)
	at org.testng.SuiteRunner.runTest(SuiteRunner.java:334)
	at org.testng.SuiteRunner.runSequentially(SuiteRunner.java:329)
	at org.testng.SuiteRunner.privateRun(SuiteRunner.java:291)
	at org.testng.SuiteRunner.run(SuiteRunner.java:240)
	at org.testng.SuiteRunnerWorker.runSuite(SuiteRunnerWorker.java:52)
	at org.testng.SuiteRunnerWorker.run(SuiteRunnerWorker.java:86)
	at org.testng.TestNG.runSuitesSequentially(TestNG.java:1198)
	at org.testng.TestNG.runSuitesLocally(TestNG.java:1123)
	at org.testng.TestNG.run(TestNG.java:1031)
	at org.testng.remote.AbstractRemoteTestNG.run(AbstractRemoteTestNG.java:114)
	at org.testng.remote.RemoteTestNG.initAndRun(RemoteTestNG.java:251)
	at org.testng.remote.RemoteTestNG.main(RemoteTestNG.java:77)
</td></tr><tr bgcolor=#F2F283><td colspan=7><center><b>Default test - Skipped </b></center></td></tr><tr bgcolor=#90C8A6><td colspan=7><center><b>Default test - Passed </b></center></td></tr><tr bgcolor=#90C8A6><td>selenium1.NewTest1</td><td>loginUsingWrongCredentials</td><td>2018/09/27 11:46:44</td><td>0:0:15</td><td></td><td></td><td></td></tr><tr bgcolor=#90C8A6><td>selenium2.NewTest2</td><td>Dashboard</td><td>2018/09/27 11:47:06</td><td>0:0:39</td><td></td><td></td><td></td></tr><tr bgcolor=#90C8A6><td>selenium3.NewTest3</td><td>loginOemAdmin</td><td>2018/09/27 11:48:52</td><td>0:0:19</td><td></td><td></td><td></td></tr><tr bgcolor=#90C8A6><td>Salus.salus.backOffice.NewTest</td><td>test_Login</td><td>2018/09/27 11:48:41</td><td>0:0:10</td><td></td><td></td><td></td></tr><tr bgcolor=#90C8A6><td>Salus.salus.backOffice.NewTest</td><td>testUrl</td><td>2018/09/27 11:48:32</td><td>0:0:8</td><td></td><td></td><td></td></tr><tr bgcolor=#90C8A6><td>selenium1.NewTest1</td><td>verifyEmailId</td><td>2018/09/27 11:47:00</td><td>0:0:5</td><td></td><td></td><td></td></tr><tr bgcolor=#90C8A6><td>Salus.salus.backOffice.NewTest</td><td>checkFields</td><td>2018/09/27 11:47:46</td><td>0:0:0</td><td></td><td></td><td></td></tr><tr bgcolor=#90C8A6><td>Salus.salus.backOffice.NewTest</td><td>erifyForgot_Password</td><td>2018/09/27 11:47:46</td><td>0:0:19</td><td></td><td></td><td></td></tr><tr bgcolor=#90C8A6><td>Salus.salus.backOffice.NewTest</td><td>profieName</td><td>2018/09/27 11:48:06</td><td>0:0:26</td><td></td><td></td><td></td></tr>    </table>  </body> -->      <!DOCTYPE html PUBLIC "-//W3C//DTD XHTML 1.1//EN" "http://www.w3.org/TR/xhtml11/DTD/xhtml11.dtd"><html xmlns="http://www.w3.org/1999/xhtml">  <head>    <meta http-equiv="content-type" content="application/xhtml+xml; charset=gbk" />    <title>TestNG Report</title>    <style type="text/css">table {margin-bottom:10px;border-collapse:collapse;empty-cells:show}th,td {border:1px solid #009;padding:.25em .5em}th {vertical-align:bottom}td {vertical-align:top}table a {font-weight:bold}.stripe td {background-color: #E6EBF9}.num {text-align:right}.passedodd td {background-color: #3F3}.passedeven td {background-color: #0A0}.skippedodd td {background-color: #DDD}.skippedeven td {background-color: #CCC}.failedodd td,.attn {background-color: #F33}.failedeven td,.stripe .attn {background-color: #D00}.stacktrace {white-space:pre;font-family:monospace}.totop {font-size:85%;text-align:center;border-bottom:2px solid #000}</style>  </head>  <body>  <center>    <table>      <tr><center><b>Custom TestNG Report 2018/09/27 11:49:16</b></center></tr>      <thead>        <tr>          <th>Test Name</th>          <th># Total Method</th>          <th># Passed</th>          <th># Failed</th>          <th>Browser</th>          <th>Start Time</th>          <th>End Time</th>          <th>Execute Time (hh:mm:ss)</th>        </tr>       </thead>        <tr><td colspan=11><center><b>Default suite</b></center></td></tr><tr><td>Default test</td><td>10</td><td bgcolor=green>9</td><td bgcolor=red>1</td><td>Chrome</td><td>2018/09/27 11:46:44</td><td>2018/09/27 11:49:16</td><td>0:2:32</td></tr>    </table>  </center>    <table id="summary">      <thead>        <tr>          <th>Class</th>          <th>Method</th>          <th>Start Time</th>          <th>Execution Time (hh:mm:ss:ms)</th>          <th>Parameter</th>          <th>Reporter Message</th>          <th>Exception Message</th>        </tr>      </thead>       <tr><td colspan=7><center><b>Default suite</b></center></td></tr><tr bgcolor=#FE7254><td colspan=7><center><b>Default test - Failed </b></center></td></tr><tr bgcolor=#FE7254><td>selenium3.NewTest3</td><td>oemAdminCheckingAllModules</td><td>2018/09/27 11:49:12</td><td>0:0:4</td><td></td><td></td><td>org.openqa.selenium.WebDriverException: unknown error: Element <a class="pointer ng-scope" translate="salus.navbar.deviceManagemet" tabindex="0" customhref="deviceManagement" ng-hide="userStatus === 0">...</a> is not clickable at point (502, 20). Other element would receive the click: <div loading-spinner-directive="" spinner-text="" ng-class="{'overlay-container': loadingSpinner.showOverlay}" overlay-class="loadingSpinner.showOverlay" ng-show="loadingSpinner.isVisible" class="ng-isolate-scope overlay-container">...</div>
  (Session info: chrome=69.0.3497.81)
  (Driver info: chromedriver=2.41.578700 (2f1ed5f9343c13f73144538f15c00b370eda6706),platform=Linux 4.4.0-134-generic x86_64) (WARNING: The server did not provide any stacktrace information)
Command duration or timeout: 57 milliseconds
Build info: version: '2.53.1', revision: 'a36b8b1cd5757287168e54b817830adce9b0158d', time: '2016-06-30 19:26:09'
System info: host: 'TCD64', ip: '127.0.1.1', os.name: 'Linux', os.arch: 'amd64', os.version: '4.4.0-134-generic', java.version: '1.8.0_181'
Driver info: org.openqa.selenium.chrome.ChromeDriver
Capabilities [{mobileEmulationEnabled=false, hasTouchScreen=false, platform=LINUX, acceptSslCerts=false, goog:chromeOptions={debuggerAddress=localhost:41063}, acceptInsecureCerts=false, webStorageEnabled=true, browserName=chrome, takesScreenshot=true, javascriptEnabled=true, setWindowRect=true, unexpectedAlertBehaviour=, applicationCacheEnabled=false, rotatable=false, networkConnectionEnabled=false, chrome={chromedriverVersion=2.41.578700 (2f1ed5f9343c13f73144538f15c00b370eda6706), userDataDir=/tmp/.org.chromium.Chromium.0opJEi}, takesHeapSnapshot=true, pageLoadStrategy=normal, databaseEnabled=false, handlesAlerts=true, version=69.0.3497.81, browserConnectionEnabled=false, nativeEvents=true, locationContextEnabled=true, cssSelectorsEnabled=true}]
Session ID: 7fe406e00ff338e2dd9af0f950c29d13
	at sun.reflect.NativeConstructorAccessorImpl.newInstance0(Native Method)
	at sun.reflect.NativeConstructorAccessorImpl.newInstance(NativeConstructorAccessorImpl.java:62)
	at sun.reflect.DelegatingConstructorAccessorImpl.newInstance(DelegatingConstructorAccessorImpl.java:45)
	at java.lang.reflect.Constructor.newInstance(Constructor.java:423)
	at org.openqa.selenium.remote.ErrorHandler.createThrowable(ErrorHandler.java:206)
	at org.openqa.selenium.remote.ErrorHandler.throwIfResponseFailed(ErrorHandler.java:158)
	at org.openqa.selenium.remote.RemoteWebDriver.execute(RemoteWebDriver.java:678)
	at org.openqa.selenium.remote.RemoteWebElement.execute(RemoteWebElement.java:327)
	at org.openqa.selenium.remote.RemoteWebElement.click(RemoteWebElement.java:85)
	at selenium3.NewTest3.oemAdminCheckingAllModules(NewTest3.java:117)
	at sun.reflect.NativeMethodAccessorImpl.invoke0(Native Method)
	at sun.reflect.NativeMethodAccessorImpl.invoke(NativeMethodAccessorImpl.java:62)
	at sun.reflect.DelegatingMethodAccessorImpl.invoke(DelegatingMethodAccessorImpl.java:43)
	at java.lang.reflect.Method.invoke(Method.java:498)
	at org.testng.internal.MethodInvocationHelper.invokeMethod(MethodInvocationHelper.java:80)
	at org.testng.internal.Invoker.invokeMethod(Invoker.java:714)
	at org.testng.internal.Invoker.invokeTestMethod(Invoker.java:901)
	at org.testng.internal.Invoker.invokeTestMethods(Invoker.java:1231)
	at org.testng.internal.TestMethodWorker.invokeTestMethods(TestMethodWorker.java:127)
	at org.testng.internal.TestMethodWorker.run(TestMethodWorker.java:111)
	at org.testng.TestRunner.privateRun(TestRunner.java:767)
	at org.testng.TestRunner.run(TestRunner.java:617)
	at org.testng.SuiteRunner.runTest(SuiteRunner.java:334)
	at org.testng.SuiteRunner.runSequentially(SuiteRunner.java:329)
	at org.testng.SuiteRunner.privateRun(SuiteRunner.java:291)
	at org.testng.SuiteRunner.run(SuiteRunner.java:240)
	at org.testng.SuiteRunnerWorker.runSuite(SuiteRunnerWorker.java:52)
	at org.testng.SuiteRunnerWorker.run(SuiteRunnerWorker.java:86)
	at org.testng.TestNG.runSuitesSequentially(TestNG.java:1198)
	at org.testng.TestNG.runSuitesLocally(TestNG.java:1123)
	at org.testng.TestNG.run(TestNG.java:1031)
	at org.testng.remote.AbstractRemoteTestNG.run(AbstractRemoteTestNG.java:114)
	at org.testng.remote.RemoteTestNG.initAndRun(RemoteTestNG.java:251)
	at org.testng.remote.RemoteTestNG.main(RemoteTestNG.java:77)
</td></tr><tr bgcolor=#F2F283><td colspan=7><center><b>Default test - Skipped </b></center></td></tr><tr bgcolor=#90C8A6><td colspan=7><center><b>Default test - Passed </b></center></td></tr><tr bgcolor=#90C8A6><td>selenium1.NewTest1</td><td>loginUsingWrongCredentials</td><td>2018/09/27 11:46:44</td><td>0:0:15</td><td></td><td></td><td></td></tr><tr bgcolor=#90C8A6><td>selenium2.NewTest2</td><td>Dashboard</td><td>2018/09/27 11:47:06</td><td>0:0:39</td><td></td><td></td><td></td></tr><tr bgcolor=#90C8A6><td>selenium3.NewTest3</td><td>loginOemAdmin</td><td>2018/09/27 11:48:52</td><td>0:0:19</td><td></td><td></td><td></td></tr><tr bgcolor=#90C8A6><td>Salus.salus.backOffice.NewTest</td><td>test_Login</td><td>2018/09/27 11:48:41</td><td>0:0:10</td><td></td><td></td><td></td></tr><tr bgcolor=#90C8A6><td>Salus.salus.backOffice.NewTest</td><td>testUrl</td><td>2018/09/27 11:48:32</td><td>0:0:8</td><td></td><td></td><td></td></tr><tr bgcolor=#90C8A6><td>selenium1.NewTest1</td><td>verifyEmailId</td><td>2018/09/27 11:47:00</td><td>0:0:5</td><td></td><td></td><td></td></tr><tr bgcolor=#90C8A6><td>Salus.salus.backOffice.NewTest</td><td>checkFields</td><td>2018/09/27 11:47:46</td><td>0:0:0</td><td></td><td></td><td></td></tr><tr bgcolor=#90C8A6><td>Salus.salus.backOffice.NewTest</td><td>erifyForgot_Password</td><td>2018/09/27 11:47:46</td><td>0:0:19</td><td></td><td></td><td></td></tr><tr bgcolor=#90C8A6><td>Salus.salus.backOffice.NewTest</td><td>profieName</td><td>2018/09/27 11:48:06</td><td>0:0:26</td><td></td><td></td><td></td></tr>    </table>  </body></html>